{"D:\\GitHub Projecs\\feast-Functions\\functions\\src\\users\\user.service.ts": {"path":"D:\\GitHub Projecs\\feast-Functions\\functions\\src\\users\\user.service.ts","statementMap":{"0":{"start":{"line":4,"column":21},"end":{"line":4,"column":45}},"1":{"start":{"line":9,"column":3},"end":{"line":9,"column":null}},"2":{"start":{"line":2,"column":0},"end":{"line":2,"column":13}}},"fnMap":{"0":{"name":"(anonymous_0)","decl":{"start":{"line":4,"column":1},"end":{"line":4,"column":21}},"loc":{"start":{"line":4,"column":45},"end":{"line":4,"column":48}}},"1":{"name":"(anonymous_1)","decl":{"start":{"line":7,"column":1},"end":{"line":7,"column":6}},"loc":{"start":{"line":7,"column":29},"end":{"line":11,"column":2}}}},"branchMap":{},"s":{"0":2,"1":2,"2":1},"f":{"0":2,"1":2},"b":{}}
}
